[2m2019-11-19 09:02:48.923[0;39m [32m INFO[0;39m [35m1716[0;39m [2m---[0;39m [2m[  restartedMain][0;39m [36m.e.DevToolsPropertyDefaultsPostProcessor[0;39m [2m:[0;39m Devtools property defaults active! Set 'spring.devtools.add-properties' to 'false' to disable
[2m2019-11-19 09:02:48.923[0;39m [32m INFO[0;39m [35m1716[0;39m [2m---[0;39m [2m[  restartedMain][0;39m [36m.e.DevToolsPropertyDefaultsPostProcessor[0;39m [2m:[0;39m For additional web related logging consider setting the 'logging.level.web' property to 'DEBUG'
[2m2019-11-19 09:02:49.532[0;39m [33m WARN[0;39m [35m1716[0;39m [2m---[0;39m [2m[  restartedMain][0;39m [36mo.m.s.mapper.ClassPathMapperScanner     [0;39m [2m:[0;39m No MyBatis mapper was found in '[com.ssafy.edu.vue]' package. Please check your configuration.
[2m2019-11-19 09:02:49.720[0;39m [32m INFO[0;39m [35m1716[0;39m [2m---[0;39m [2m[  restartedMain][0;39m [36mtrationDelegate$BeanPostProcessorChecker[0;39m [2m:[0;39m Bean 'org.springframework.transaction.annotation.ProxyTransactionManagementConfiguration' of type [org.springframework.transaction.annotation.ProxyTransactionManagementConfiguration$$EnhancerBySpringCGLIB$$24d0f1c5] is not eligible for getting processed by all BeanPostProcessors (for example: not eligible for auto-proxying)
[2m2019-11-19 09:02:49.736[0;39m [32m INFO[0;39m [35m1716[0;39m [2m---[0;39m [2m[  restartedMain][0;39m [36mtrationDelegate$BeanPostProcessorChecker[0;39m [2m:[0;39m Bean 'org.springframework.hateoas.config.HateoasConfiguration' of type [org.springframework.hateoas.config.HateoasConfiguration$$EnhancerBySpringCGLIB$$a4513ef7] is not eligible for getting processed by all BeanPostProcessors (for example: not eligible for auto-proxying)
[2m2019-11-19 09:02:49.954[0;39m [32m INFO[0;39m [35m1716[0;39m [2m---[0;39m [2m[  restartedMain][0;39m [36mo.s.b.w.embedded.tomcat.TomcatWebServer [0;39m [2m:[0;39m Tomcat initialized with port(s): 8197 (http)
[2m2019-11-19 09:02:50.026[0;39m [32m INFO[0;39m [35m1716[0;39m [2m---[0;39m [2m[  restartedMain][0;39m [36mo.s.web.context.ContextLoader           [0;39m [2m:[0;39m Root WebApplicationContext: initialization completed in 1103 ms
[2m2019-11-19 09:02:50.917[0;39m [32m INFO[0;39m [35m1716[0;39m [2m---[0;39m [2m[  restartedMain][0;39m [36mo.s.s.concurrent.ThreadPoolTaskExecutor [0;39m [2m:[0;39m Initializing ExecutorService 'applicationTaskExecutor'
[2m2019-11-19 09:02:50.964[0;39m [32m INFO[0;39m [35m1716[0;39m [2m---[0;39m [2m[  restartedMain][0;39m [36mo.s.b.d.a.OptionalLiveReloadServer      [0;39m [2m:[0;39m LiveReload server is running on port 35729
[2m2019-11-19 09:02:51.324[0;39m [32m INFO[0;39m [35m1716[0;39m [2m---[0;39m [2m[  restartedMain][0;39m [36mo.s.b.w.embedded.tomcat.TomcatWebServer [0;39m [2m:[0;39m Tomcat started on port(s): 8197 (http) with context path '/ssafyvue'
[2m2019-11-19 09:03:25.597[0;39m [32m INFO[0;39m [35m1716[0;39m [2m---[0;39m [2m[nio-8197-exec-2][0;39m [36mo.s.web.servlet.DispatcherServlet       [0;39m [2m:[0;39m Initializing Servlet 'dispatcherServlet'
[2m2019-11-19 09:03:25.615[0;39m [32m INFO[0;39m [35m1716[0;39m [2m---[0;39m [2m[nio-8197-exec-2][0;39m [36mo.s.web.servlet.DispatcherServlet       [0;39m [2m:[0;39m Completed initialization in 18 ms
[2m2019-11-19 09:03:25.633[0;39m [32m INFO[0;39m [35m1716[0;39m [2m---[0;39m [2m[nio-8197-exec-2][0;39m [36mc.s.e.vue.controller.EmployeeController [0;39m [2m:[0;39m 1-------------findAllEmployees-----------------------------Tue Nov 19 09:03:25 KST 2019
[2m2019-11-19 09:03:25.819[0;39m [32mDEBUG[0;39m [35m1716[0;39m [2m---[0;39m [2m[nio-8197-exec-2][0;39m [36mc.s.e.v.dao.HrmMapper.findAllEmployees  [0;39m [2m:[0;39m ==>  Preparing: select id eid ,name ename , dept_id did from s_emp order by id 
[2m2019-11-19 09:03:25.844[0;39m [32mDEBUG[0;39m [35m1716[0;39m [2m---[0;39m [2m[nio-8197-exec-2][0;39m [36mc.s.e.v.dao.HrmMapper.findAllEmployees  [0;39m [2m:[0;39m ==> Parameters: 
[2m2019-11-19 09:03:25.857[0;39m [32mTRACE[0;39m [35m1716[0;39m [2m---[0;39m [2m[nio-8197-exec-2][0;39m [36mc.s.e.v.dao.HrmMapper.findAllEmployees  [0;39m [2m:[0;39m <==    Columns: eid, ename, did
[2m2019-11-19 09:03:25.857[0;39m [32mTRACE[0;39m [35m1716[0;39m [2m---[0;39m [2m[nio-8197-exec-2][0;39m [36mc.s.e.v.dao.HrmMapper.findAllEmployees  [0;39m [2m:[0;39m <==        Row: 1, ë°•êµ¬ê³¤, 118
[2m2019-11-19 09:03:25.859[0;39m [32mTRACE[0;39m [35m1716[0;39m [2m---[0;39m [2m[nio-8197-exec-2][0;39m [36mc.s.e.v.dao.HrmMapper.findAllEmployees  [0;39m [2m:[0;39m <==        Row: 2, ì†ëª…ì„±, 110
[2m2019-11-19 09:03:25.859[0;39m [32mTRACE[0;39m [35m1716[0;39m [2m---[0;39m [2m[nio-8197-exec-2][0;39m [36mc.s.e.v.dao.HrmMapper.findAllEmployees  [0;39m [2m:[0;39m <==        Row: 3, ì´ì€ì„ , 102
[2m2019-11-19 09:03:25.859[0;39m [32mTRACE[0;39m [35m1716[0;39m [2m---[0;39m [2m[nio-8197-exec-2][0;39m [36mc.s.e.v.dao.HrmMapper.findAllEmployees  [0;39m [2m:[0;39m <==        Row: 4, ì„œì˜í™, 101
[2m2019-11-19 09:03:25.859[0;39m [32mTRACE[0;39m [35m1716[0;39m [2m---[0;39m [2m[nio-8197-exec-2][0;39m [36mc.s.e.v.dao.HrmMapper.findAllEmployees  [0;39m [2m:[0;39m <==        Row: 5, ê¹€ì‹¬ì„ , 118
[2m2019-11-19 09:03:25.859[0;39m [32mTRACE[0;39m [35m1716[0;39m [2m---[0;39m [2m[nio-8197-exec-2][0;39m [36mc.s.e.v.dao.HrmMapper.findAllEmployees  [0;39m [2m:[0;39m <==        Row: 6, ì „ì§€ì˜, 110
[2m2019-11-19 09:03:25.859[0;39m [32mTRACE[0;39m [35m1716[0;39m [2m---[0;39m [2m[nio-8197-exec-2][0;39m [36mc.s.e.v.dao.HrmMapper.findAllEmployees  [0;39m [2m:[0;39m <==        Row: 7, ê¹€ì •ë¯¸, 111
[2m2019-11-19 09:03:25.860[0;39m [32mTRACE[0;39m [35m1716[0;39m [2m---[0;39m [2m[nio-8197-exec-2][0;39m [36mc.s.e.v.dao.HrmMapper.findAllEmployees  [0;39m [2m:[0;39m <==        Row: 8, ì‹ ê¸°ì›…, 112
[2m2019-11-19 09:03:25.860[0;39m [32mTRACE[0;39m [35m1716[0;39m [2m---[0;39m [2m[nio-8197-exec-2][0;39m [36mc.s.e.v.dao.HrmMapper.findAllEmployees  [0;39m [2m:[0;39m <==        Row: 9, ì´ìƒí—Œ, 113
[2m2019-11-19 09:03:25.860[0;39m [32mTRACE[0;39m [35m1716[0;39m [2m---[0;39m [2m[nio-8197-exec-2][0;39m [36mc.s.e.v.dao.HrmMapper.findAllEmployees  [0;39m [2m:[0;39m <==        Row: 10, ìµœìˆœì² , 113
[2m2019-11-19 09:03:25.860[0;39m [32mTRACE[0;39m [35m1716[0;39m [2m---[0;39m [2m[nio-8197-exec-2][0;39m [36mc.s.e.v.dao.HrmMapper.findAllEmployees  [0;39m [2m:[0;39m <==        Row: 11, ìµœì •ì„ , 102
[2m2019-11-19 09:03:25.860[0;39m [32mTRACE[0;39m [35m1716[0;39m [2m---[0;39m [2m[nio-8197-exec-2][0;39m [36mc.s.e.v.dao.HrmMapper.findAllEmployees  [0;39m [2m:[0;39m <==        Row: 12, ì•ˆì€ê²½, 103
[2m2019-11-19 09:03:25.860[0;39m [32mTRACE[0;39m [35m1716[0;39m [2m---[0;39m [2m[nio-8197-exec-2][0;39m [36mc.s.e.v.dao.HrmMapper.findAllEmployees  [0;39m [2m:[0;39m <==        Row: 13, ê¹€ì„ìš°, 104
[2m2019-11-19 09:03:25.860[0;39m [32mTRACE[0;39m [35m1716[0;39m [2m---[0;39m [2m[nio-8197-exec-2][0;39m [36mc.s.e.v.dao.HrmMapper.findAllEmployees  [0;39m [2m:[0;39m <==        Row: 14, ë°•ì„±ê·œ, 105
[2m2019-11-19 09:03:25.861[0;39m [32mTRACE[0;39m [35m1716[0;39m [2m---[0;39m [2m[nio-8197-exec-2][0;39m [36mc.s.e.v.dao.HrmMapper.findAllEmployees  [0;39m [2m:[0;39m <==        Row: 15, ì‹ ì¢…í•„, 106
[2m2019-11-19 09:03:25.861[0;39m [32mTRACE[0;39m [35m1716[0;39m [2m---[0;39m [2m[nio-8197-exec-2][0;39m [36mc.s.e.v.dao.HrmMapper.findAllEmployees  [0;39m [2m:[0;39m <==        Row: 16, ì´ê¸°ì² , 110
[2m2019-11-19 09:03:25.861[0;39m [32mTRACE[0;39m [35m1716[0;39m [2m---[0;39m [2m[nio-8197-exec-2][0;39m [36mc.s.e.v.dao.HrmMapper.findAllEmployees  [0;39m [2m:[0;39m <==        Row: 17, êµ¬ì›ìƒ, 110
[2m2019-11-19 09:03:25.862[0;39m [32mTRACE[0;39m [35m1716[0;39m [2m---[0;39m [2m[nio-8197-exec-2][0;39m [36mc.s.e.v.dao.HrmMapper.findAllEmployees  [0;39m [2m:[0;39m <==        Row: 18, ì„œì •ì£¼, 111
[2m2019-11-19 09:03:25.862[0;39m [32mTRACE[0;39m [35m1716[0;39m [2m---[0;39m [2m[nio-8197-exec-2][0;39m [36mc.s.e.v.dao.HrmMapper.findAllEmployees  [0;39m [2m:[0;39m <==        Row: 19, ì•ˆì°½í™˜, 111
[2m2019-11-19 09:03:25.862[0;39m [32mTRACE[0;39m [35m1716[0;39m [2m---[0;39m [2m[nio-8197-exec-2][0;39m [36mc.s.e.v.dao.HrmMapper.findAllEmployees  [0;39m [2m:[0;39m <==        Row: 20, ìœ¤ì •ìˆ™, 112
[2m2019-11-19 09:03:25.862[0;39m [32mTRACE[0;39m [35m1716[0;39m [2m---[0;39m [2m[nio-8197-exec-2][0;39m [36mc.s.e.v.dao.HrmMapper.findAllEmployees  [0;39m [2m:[0;39m <==        Row: 21, ìž¥í˜„ì² , 112
[2m2019-11-19 09:03:25.862[0;39m [32mTRACE[0;39m [35m1716[0;39m [2m---[0;39m [2m[nio-8197-exec-2][0;39m [36mc.s.e.v.dao.HrmMapper.findAllEmployees  [0;39m [2m:[0;39m <==        Row: 22, ìž¥í˜œìˆ™, 113
[2m2019-11-19 09:03:25.862[0;39m [32mTRACE[0;39m [35m1716[0;39m [2m---[0;39m [2m[nio-8197-exec-2][0;39m [36mc.s.e.v.dao.HrmMapper.findAllEmployees  [0;39m [2m:[0;39m <==        Row: 23, ê°•ì—°ë²”, 106
[2m2019-11-19 09:03:25.863[0;39m [32mTRACE[0;39m [35m1716[0;39m [2m---[0;39m [2m[nio-8197-exec-2][0;39m [36mc.s.e.v.dao.HrmMapper.findAllEmployees  [0;39m [2m:[0;39m <==        Row: 24, ì˜¤ì€ê²½, 113
[2m2019-11-19 09:03:25.863[0;39m [32mTRACE[0;39m [35m1716[0;39m [2m---[0;39m [2m[nio-8197-exec-2][0;39m [36mc.s.e.v.dao.HrmMapper.findAllEmployees  [0;39m [2m:[0;39m <==        Row: 25, ì´ìš©í˜¸, 113
[2m2019-11-19 09:03:25.863[0;39m [32mTRACE[0;39m [35m1716[0;39m [2m---[0;39m [2m[nio-8197-exec-2][0;39m [36mc.s.e.v.dao.HrmMapper.findAllEmployees  [0;39m [2m:[0;39m <==        Row: 26, ì´ìš©í˜¸2, 113
[2m2019-11-19 09:03:25.863[0;39m [32mTRACE[0;39m [35m1716[0;39m [2m---[0;39m [2m[nio-8197-exec-2][0;39m [36mc.s.e.v.dao.HrmMapper.findAllEmployees  [0;39m [2m:[0;39m <==        Row: 31, ã…‚ã…, 10
[2m2019-11-19 09:03:25.863[0;39m [32mTRACE[0;39m [35m1716[0;39m [2m---[0;39m [2m[nio-8197-exec-2][0;39m [36mc.s.e.v.dao.HrmMapper.findAllEmployees  [0;39m [2m:[0;39m <==        Row: 33, zz, 10
[2m2019-11-19 09:03:25.863[0;39m [32mTRACE[0;39m [35m1716[0;39m [2m---[0;39m [2m[nio-8197-exec-2][0;39m [36mc.s.e.v.dao.HrmMapper.findAllEmployees  [0;39m [2m:[0;39m <==        Row: 35, zzq, 10
[2m2019-11-19 09:03:25.863[0;39m [32mTRACE[0;39m [35m1716[0;39m [2m---[0;39m [2m[nio-8197-exec-2][0;39m [36mc.s.e.v.dao.HrmMapper.findAllEmployees  [0;39m [2m:[0;39m <==        Row: 36, zz2q, 10
[2m2019-11-19 09:03:25.863[0;39m [32mDEBUG[0;39m [35m1716[0;39m [2m---[0;39m [2m[nio-8197-exec-2][0;39m [36mc.s.e.v.dao.HrmMapper.findAllEmployees  [0;39m [2m:[0;39m <==      Total: 30
[2m2019-11-19 13:08:28.589[0;39m [32m INFO[0;39m [35m1716[0;39m [2m---[0;39m [2m[on(2)-127.0.0.1][0;39m [36minMXBeanRegistrar$SpringApplicationAdmin[0;39m [2m:[0;39m Application shutdown requested.
[2m2019-11-19 13:08:28.593[0;39m [32m INFO[0;39m [35m1716[0;39m [2m---[0;39m [2m[on(2)-127.0.0.1][0;39m [36mo.s.s.concurrent.ThreadPoolTaskExecutor [0;39m [2m:[0;39m Shutting down ExecutorService 'applicationTaskExecutor'
